<?xml version="1.0" encoding="UTF-8"?>
<!-- Generated by org.testng.reporters.JUnitXMLReporter -->
<testsuite ignored="0" hostname="DESKTOP-AF0RHMU" failures="1" tests="3" name="Test" time="25.602" errors="0" timestamp="2022-11-20T16:52:32 IST">
  <testcase classname="Tests.LoginTest" name="login" time="1.434"/>
  <testcase classname="Tests.LoginTest" name="login" time="10.688"/>
  <testcase classname="Tests.ShoppingTest" name="shopping" time="0.841">
    <failure type="java.lang.AssertionError" message="expected [true] but found [false]">
      <![CDATA[java.lang.AssertionError: expected [true] but found [false]
at Tests.ShoppingTest.shopping(ShoppingTest.java:31)
at java.base/java.util.ArrayList.forEach(ArrayList.java:1511)
... Removed 29 stack frames]]>
    </failure>
  </testcase> <!-- shopping -->
</testsuite> <!-- Test -->
